This is pdfTeX, Version 3.141592653-2.6-1.40.24 (TeX Live 2022) (preloaded format=pdflatex 2022.9.14)  23 SEP 2022 19:52
entering extended mode
 restricted \write18 enabled.
 file:line:error style messages enabled.
 %&-line parsing enabled.
**/Users/caterinabonan/Desktop/curriculum-vitae/curriculum_files/my-resume.tex
(/Users/caterinabonan/Desktop/curriculum-vitae/curriculum_files/my-resume.tex
LaTeX2e <2021-11-15> patch level 1
L3 programming layer <2022-02-24>

! LaTeX Error: File `plushcv.cls' not found.

Type X to quit or <RETURN> to proceed,
or enter new name. (Default extension: cls)

Enter file name: 
/Users/caterinabonan/Desktop/curriculum-vitae/curriculum_files/my-resume.tex:37: Emergency stop.
<read *> 
         
l.37 \usepackage
                {fancyhdr}^^M
*** (cannot \read from terminal in nonstop modes)

 
Here is how much of TeX's memory you used:
 24 strings out of 478268
 665 string characters out of 5846347
 289381 words of memory out of 5000000
 18330 multiletter control sequences out of 15000+600000
 469259 words of font info for 28 fonts, out of 8000000 for 9000
 1141 hyphenation exceptions out of 8191
 19i,0n,29p,169b,17s stack positions out of 10000i,1000n,20000p,200000b,200000s
/Users/caterinabonan/Desktop/curriculum-vitae/curriculum_files/my-resume.tex:37:  ==> Fatal error occurred, no output PDF file produced!
